Atis
# Train Sentences = 519 (# words = 3922)
# Test Sentences = 58 (# words = 431)
Training...
Word Perplexity = 5.172720200688561
Testing...
Word Perplexity = 14.72526707721138

WSJ
# Train Sentences = 43820 (# words = 995626)
# Test Sentences = 4869 (# words = 111718)
Training...
Word Perplexity = 26.08878225202524
Testing...
Word Perplexity = 108.69964409448134

Brown
# Train Sentences = 47206 (# words = 1079428)
# Test Sentences = 5246 (# words = 93542)
Training...
Word Perplexity = 29.893235662531144
Testing...
Word Perplexity = 127.32636213681235
